2020/09/28 12:27:02 PM [INFO] internet ruim (<=90Mbps): 82579263.86202538
2020/09/28 12:33:18 PM [INFO] internet abaixo dos 0 fornecido no contrato da VIVO (<=90Mbps): 91322989.98971166
2020/09/28 12:33:28 PM [INFO] internet abaixo dos 0 fornecido no contrato da VIVO (<=90Mbps): 84252335.66783352
2020/09/28 12:33:38 PM [INFO] internet abaixo dos 0 fornecido no contrato da VIVO (<=90Mbps): 99950634.98913977
2020/09/28 12:33:48 PM [INFO] internet abaixo dos 0 fornecido no contrato da VIVO (<=90Mbps): 97716102.29566303
2020/09/28 12:33:58 PM [INFO] internet abaixo dos 0 fornecido no contrato da VIVO (<=90Mbps): 91655986.79974961
2020/09/28 12:34:08 PM [INFO] internet abaixo dos 0 fornecido no contrato da VIVO (<=90Mbps): 84082180.11955811
2020/09/28 12:34:18 PM [INFO] internet abaixo dos 0 fornecido no contrato da VIVO (<=90Mbps): 78709780.25503908
2020/09/28 12:34:28 PM [INFO] internet abaixo dos 0 fornecido no contrato da VIVO (<=90Mbps): 55083761.76907918
2020/09/28 12:34:38 PM [INFO] internet abaixo dos 0 fornecido no contrato da VIVO (<=90Mbps): 88164589.83360061
2020/09/28 12:34:48 PM [INFO] internet abaixo dos 0 fornecido no contrato da VIVO (<=90Mbps): 88472038.3363797
2020/09/28 12:34:58 PM [INFO] internet abaixo dos 0 fornecido no contrato da VIVO (<=90Mbps): 96182824.25185445
2020/09/28 12:35:08 PM [INFO] internet abaixo dos 0 fornecido no contrato da VIVO (<=90Mbps): 95142390.74857983
2020/09/28 12:35:18 PM [INFO] internet abaixo dos 0 fornecido no contrato da VIVO (<=90Mbps): 97735056.56127265
2020/09/28 12:35:28 PM [INFO] internet abaixo dos 0 fornecido no contrato da VIVO (<=90Mbps): 100264406.17127259
2020/09/28 12:35:38 PM [INFO] internet abaixo dos 0 fornecido no contrato da VIVO (<=90Mbps): 95271820.54753512
2020/09/28 12:35:48 PM [INFO] internet abaixo dos 0 fornecido no contrato da VIVO (<=90Mbps): 91049053.06139569
2020/09/28 12:36:07 PM [INFO] internet abaixo dos 40 fornecido no contrato da VIVO (<=90Mbps): 102440993.69459495
2020/09/28 12:36:17 PM [INFO] internet abaixo dos 40 fornecido no contrato da VIVO (<=90Mbps): 99086127.03524484
2020/09/28 12:36:27 PM [INFO] internet abaixo dos 40 fornecido no contrato da VIVO (<=90Mbps): 99445307.262869
2020/09/28 12:36:49 PM [INFO] internet abaixo dos 40 % fornecido no contrato da VIVO (<=90Mbps): 100148442.09566155
2020/09/28 12:36:59 PM [INFO] internet abaixo dos 40 % fornecido no contrato da VIVO (<=90Mbps): 97828973.97274207
2020/09/28 12:37:09 PM [INFO] internet abaixo dos 40 % fornecido no contrato da VIVO (<=90Mbps): 100003071.30037609
2020/09/28 12:37:19 PM [INFO] internet abaixo dos 40 % fornecido no contrato da VIVO (<=90Mbps): 99314880.74631824
2020/09/28 12:37:29 PM [INFO] internet abaixo dos 40 % fornecido no contrato da VIVO (<=90Mbps): 98395879.26421922
2020/09/28 12:37:39 PM [INFO] internet abaixo dos 40 % fornecido no contrato da VIVO (<=90Mbps): 81392214.90657085
2020/09/28 12:38:00 PM [INFO] internet abaixo dos 40% fornecido no contrato da VIVO (<=90Mbps): 101.28795430714027
2020/09/28 12:38:10 PM [INFO] internet abaixo dos 40% fornecido no contrato da VIVO (<=90Mbps): 117.02593730149086
2020/09/28 12:38:20 PM [INFO] internet abaixo dos 40% fornecido no contrato da VIVO (<=90Mbps): 111.55950928771317
2020/09/28 12:38:30 PM [INFO] internet abaixo dos 40% fornecido no contrato da VIVO (<=90Mbps): 113.52158783113688
2020/09/28 12:38:40 PM [INFO] internet abaixo dos 40% fornecido no contrato da VIVO (<=90Mbps): 115.48477159883159
2020/09/28 12:38:50 PM [INFO] internet abaixo dos 40% fornecido no contrato da VIVO (<=90Mbps): 115.33944168825307
2020/09/28 12:39:00 PM [INFO] internet abaixo dos 40% fornecido no contrato da VIVO (<=90Mbps): 114.3614776634582
2020/09/28 12:42:24 PM [INFO] internet abaixo dos 40% fornecido no contrato da VIVO (<=90Mbps): 98.32
2020/09/28 12:42:34 PM [INFO] internet abaixo dos 40% fornecido no contrato da VIVO (<=90Mbps): 95.46
2020/09/28 12:42:44 PM [INFO] internet abaixo dos 40% fornecido no contrato da VIVO (<=90Mbps): 100.45
2020/09/28 12:42:54 PM [INFO] internet abaixo dos 40% fornecido no contrato da VIVO (<=90Mbps): 98.96
2020/09/28 12:43:04 PM [INFO] internet abaixo dos 40% fornecido no contrato da VIVO (<=90Mbps): 94.94
2020/09/28 12:43:15 PM [INFO] internet abaixo dos 40% fornecido no contrato da VIVO (<=90Mbps): 98.60
2020/09/28 12:43:25 PM [INFO] internet abaixo dos 40% fornecido no contrato da VIVO (<=90Mbps): 97.68
2020/09/28 12:43:35 PM [INFO] internet abaixo dos 40% fornecido no contrato da VIVO (<=90Mbps): 98.75
2020/09/28 12:43:45 PM [INFO] internet abaixo dos 40% fornecido no contrato da VIVO (<=90Mbps): 98.96
2020/09/28 12:43:55 PM [INFO] internet abaixo dos 40% fornecido no contrato da VIVO (<=90Mbps): 99.21
2020/09/28 12:44:05 PM [INFO] internet abaixo dos 40% fornecido no contrato da VIVO (<=90Mbps): 99.86
2020/09/28 12:44:22 PM [INFO] internet abaixo dos 40% fornecido no contrato da VIVO (<=90Mbps): 97.82Mbps
2020/09/28 12:44:32 PM [INFO] internet abaixo dos 40% fornecido no contrato da VIVO (<=90Mbps): 99.26Mbps
2020/09/28 12:44:42 PM [INFO] internet abaixo dos 40% fornecido no contrato da VIVO (<=90Mbps): 98.50Mbps
2020/09/28 12:44:52 PM [INFO] internet abaixo dos 40% fornecido no contrato da VIVO (<=90Mbps): 99.99Mbps
2020/09/28 12:45:02 PM [INFO] internet abaixo dos 40% fornecido no contrato da VIVO (<=90Mbps): 100.34Mbps
2020/09/28 12:45:12 PM [INFO] internet abaixo dos 40% fornecido no contrato da VIVO (<=90Mbps): 97.96Mbps
2020/09/28 12:45:22 PM [INFO] internet abaixo dos 40% fornecido no contrato da VIVO (<=90Mbps): 99.34Mbps
2020/09/28 12:45:32 PM [INFO] internet abaixo dos 40% fornecido no contrato da VIVO (<=90Mbps): 100.17Mbps
2020/09/28 12:45:42 PM [INFO] internet abaixo dos 40% fornecido no contrato da VIVO (<=90Mbps): 100.36Mbps
2020/09/28 12:45:52 PM [INFO] internet abaixo dos 40% fornecido no contrato da VIVO (<=90Mbps): 98.15Mbps
2020/09/28 12:46:02 PM [INFO] internet abaixo dos 40% fornecido no contrato da VIVO (<=90Mbps): 99.35Mbps
2020/09/28 12:46:12 PM [INFO] internet abaixo dos 40% fornecido no contrato da VIVO (<=90Mbps): 99.87Mbps
2020/09/28 12:46:22 PM [INFO] internet abaixo dos 40% fornecido no contrato da VIVO (<=90Mbps): 99.56Mbps
2020/09/28 12:46:32 PM [INFO] internet abaixo dos 40% fornecido no contrato da VIVO (<=90Mbps): 100.60Mbps
2020/09/28 12:46:42 PM [INFO] internet abaixo dos 40% fornecido no contrato da VIVO (<=90Mbps): 97.85Mbps
2020/09/28 12:46:52 PM [INFO] internet abaixo dos 40% fornecido no contrato da VIVO (<=90Mbps): 99.61Mbps
2020/09/28 12:47:02 PM [INFO] internet abaixo dos 40% fornecido no contrato da VIVO (<=90Mbps): 99.62Mbps
2020/09/28 12:47:12 PM [INFO] internet abaixo dos 40% fornecido no contrato da VIVO (<=90Mbps): 97.80Mbps
2020/09/28 12:47:22 PM [INFO] internet abaixo dos 40% fornecido no contrato da VIVO (<=90Mbps): 97.32Mbps
2020/09/28 12:47:32 PM [INFO] internet abaixo dos 40% fornecido no contrato da VIVO (<=90Mbps): 101.83Mbps
2020/09/28 12:47:42 PM [INFO] internet abaixo dos 40% fornecido no contrato da VIVO (<=90Mbps): 101.66Mbps
2020/09/28 12:47:52 PM [INFO] internet abaixo dos 40% fornecido no contrato da VIVO (<=90Mbps): 101.62Mbps
2020/09/28 12:48:02 PM [INFO] internet abaixo dos 40% fornecido no contrato da VIVO (<=90Mbps): 101.20Mbps
2020/09/28 12:48:12 PM [INFO] internet abaixo dos 40% fornecido no contrato da VIVO (<=90Mbps): 89.49Mbps
2020/09/28 12:48:22 PM [INFO] internet abaixo dos 40% fornecido no contrato da VIVO (<=90Mbps): 90.38Mbps
2020/09/28 12:48:32 PM [INFO] internet abaixo dos 40% fornecido no contrato da VIVO (<=90Mbps): 95.33Mbps
2020/09/28 12:48:42 PM [INFO] internet abaixo dos 40% fornecido no contrato da VIVO (<=90Mbps): 94.88Mbps
2020/09/28 12:48:52 PM [INFO] internet abaixo dos 40% fornecido no contrato da VIVO (<=90Mbps): 95.32Mbps
2020/09/28 12:49:02 PM [INFO] internet abaixo dos 40% fornecido no contrato da VIVO (<=90Mbps): 90.93Mbps
2020/09/28 12:49:12 PM [INFO] internet abaixo dos 40% fornecido no contrato da VIVO (<=90Mbps): 102.33Mbps
2020/09/28 12:49:22 PM [INFO] internet abaixo dos 40% fornecido no contrato da VIVO (<=90Mbps): 95.94Mbps
2020/09/28 12:49:32 PM [INFO] internet abaixo dos 40% fornecido no contrato da VIVO (<=90Mbps): 99.33Mbps
2020/09/28 12:49:42 PM [INFO] internet abaixo dos 40% fornecido no contrato da VIVO (<=90Mbps): 91.43Mbps
2020/09/28 12:49:52 PM [INFO] internet abaixo dos 40% fornecido no contrato da VIVO (<=90Mbps): 93.01Mbps
2020/09/28 12:50:02 PM [INFO] internet abaixo dos 40% fornecido no contrato da VIVO (<=90Mbps): 96.21Mbps
2020/09/28 12:50:12 PM [INFO] internet abaixo dos 40% fornecido no contrato da VIVO (<=90Mbps): 101.74Mbps
2020/09/28 12:50:22 PM [INFO] internet abaixo dos 40% fornecido no contrato da VIVO (<=90Mbps): 99.84Mbps
2020/09/28 12:50:32 PM [INFO] internet abaixo dos 40% fornecido no contrato da VIVO (<=90Mbps): 100.56Mbps
2020/09/28 12:50:42 PM [INFO] internet abaixo dos 40% fornecido no contrato da VIVO (<=90Mbps): 97.91Mbps
2020/09/28 12:50:52 PM [INFO] internet abaixo dos 40% fornecido no contrato da VIVO (<=90Mbps): 93.87Mbps
2020/09/28 12:51:02 PM [INFO] internet abaixo dos 40% fornecido no contrato da VIVO (<=90Mbps): 99.52Mbps
2020/09/28 12:51:12 PM [INFO] internet abaixo dos 40% fornecido no contrato da VIVO (<=90Mbps): 99.97Mbps
2020/09/28 12:51:22 PM [INFO] internet abaixo dos 40% fornecido no contrato da VIVO (<=90Mbps): 99.04Mbps
2020/09/28 12:51:33 PM [INFO] internet abaixo dos 40% fornecido no contrato da VIVO (<=90Mbps): 97.61Mbps
2020/09/28 12:51:43 PM [INFO] internet abaixo dos 40% fornecido no contrato da VIVO (<=90Mbps): 99.27Mbps
2020/09/28 12:51:53 PM [INFO] internet abaixo dos 40% fornecido no contrato da VIVO (<=90Mbps): 98.95Mbps
2020/09/28 12:52:03 PM [INFO] internet abaixo dos 40% fornecido no contrato da VIVO (<=90Mbps): 98.07Mbps
2020/09/28 12:52:13 PM [INFO] internet abaixo dos 40% fornecido no contrato da VIVO (<=90Mbps): 100.33Mbps
2020/09/28 12:52:23 PM [INFO] internet abaixo dos 40% fornecido no contrato da VIVO (<=90Mbps): 100.35Mbps
2020/09/28 12:52:33 PM [INFO] internet abaixo dos 40% fornecido no contrato da VIVO (<=90Mbps): 100.40Mbps
2020/09/28 12:52:43 PM [INFO] internet abaixo dos 40% fornecido no contrato da VIVO (<=90Mbps): 98.55Mbps
2020/09/28 12:52:53 PM [INFO] internet abaixo dos 40% fornecido no contrato da VIVO (<=90Mbps): 98.37Mbps
2020/09/28 12:53:03 PM [INFO] internet abaixo dos 40% fornecido no contrato da VIVO (<=90Mbps): 100.16Mbps
2020/09/28 12:53:13 PM [INFO] internet abaixo dos 40% fornecido no contrato da VIVO (<=90Mbps): 100.17Mbps
2020/09/28 12:53:23 PM [INFO] internet abaixo dos 40% fornecido no contrato da VIVO (<=90Mbps): 94.85Mbps
2020/09/28 12:53:33 PM [INFO] internet abaixo dos 40% fornecido no contrato da VIVO (<=90Mbps): 99.10Mbps
2020/09/28 12:53:43 PM [INFO] internet abaixo dos 40% fornecido no contrato da VIVO (<=90Mbps): 97.47Mbps
2020/09/28 12:53:53 PM [INFO] internet abaixo dos 40% fornecido no contrato da VIVO (<=90Mbps): 97.03Mbps
2020/09/28 12:54:03 PM [INFO] internet abaixo dos 40% fornecido no contrato da VIVO (<=90Mbps): 98.97Mbps
2020/09/28 12:54:13 PM [INFO] internet abaixo dos 40% fornecido no contrato da VIVO (<=90Mbps): 97.36Mbps
2020/09/28 12:54:23 PM [INFO] internet abaixo dos 40% fornecido no contrato da VIVO (<=90Mbps): 95.20Mbps
2020/09/28 12:54:33 PM [INFO] internet abaixo dos 40% fornecido no contrato da VIVO (<=90Mbps): 99.90Mbps
2020/09/28 12:54:43 PM [INFO] internet abaixo dos 40% fornecido no contrato da VIVO (<=90Mbps): 99.66Mbps
2020/09/28 12:54:53 PM [INFO] internet abaixo dos 40% fornecido no contrato da VIVO (<=90Mbps): 98.35Mbps
2020/09/28 12:55:03 PM [INFO] internet abaixo dos 40% fornecido no contrato da VIVO (<=90Mbps): 101.14Mbps
2020/09/28 12:55:13 PM [INFO] internet abaixo dos 40% fornecido no contrato da VIVO (<=90Mbps): 99.22Mbps
2020/09/28 12:55:23 PM [INFO] internet abaixo dos 40% fornecido no contrato da VIVO (<=90Mbps): 99.11Mbps
2020/09/28 12:55:33 PM [INFO] internet abaixo dos 40% fornecido no contrato da VIVO (<=90Mbps): 96.80Mbps
2020/09/28 12:55:43 PM [INFO] internet abaixo dos 40% fornecido no contrato da VIVO (<=90Mbps): 100.96Mbps
2020/09/28 12:55:53 PM [INFO] internet abaixo dos 40% fornecido no contrato da VIVO (<=90Mbps): 100.69Mbps
2020/09/28 12:56:03 PM [INFO] internet abaixo dos 40% fornecido no contrato da VIVO (<=90Mbps): 101.84Mbps
2020/09/28 12:56:13 PM [INFO] internet abaixo dos 40% fornecido no contrato da VIVO (<=90Mbps): 101.61Mbps
2020/09/28 12:56:23 PM [INFO] internet abaixo dos 40% fornecido no contrato da VIVO (<=90Mbps): 98.89Mbps
2020/09/28 12:56:33 PM [INFO] internet abaixo dos 40% fornecido no contrato da VIVO (<=90Mbps): 97.65Mbps
2020/09/28 12:56:43 PM [INFO] internet abaixo dos 40% fornecido no contrato da VIVO (<=90Mbps): 98.87Mbps
2020/09/28 12:56:53 PM [INFO] internet abaixo dos 40% fornecido no contrato da VIVO (<=90Mbps): 101.72Mbps
2020/09/28 12:57:03 PM [INFO] internet abaixo dos 40% fornecido no contrato da VIVO (<=90Mbps): 100.87Mbps
2020/09/28 12:57:13 PM [INFO] internet abaixo dos 40% fornecido no contrato da VIVO (<=90Mbps): 99.11Mbps
2020/09/28 12:57:23 PM [INFO] internet abaixo dos 40% fornecido no contrato da VIVO (<=90Mbps): 101.60Mbps
2020/09/28 12:57:33 PM [INFO] internet abaixo dos 40% fornecido no contrato da VIVO (<=90Mbps): 101.15Mbps
2020/09/28 12:57:43 PM [INFO] internet abaixo dos 40% fornecido no contrato da VIVO (<=90Mbps): 100.84Mbps
2020/09/28 12:57:53 PM [INFO] internet abaixo dos 40% fornecido no contrato da VIVO (<=90Mbps): 102.16Mbps
2020/09/28 12:58:03 PM [INFO] internet abaixo dos 40% fornecido no contrato da VIVO (<=90Mbps): 100.96Mbps
2020/09/28 12:58:13 PM [INFO] internet abaixo dos 40% fornecido no contrato da VIVO (<=90Mbps): 100.79Mbps
2020/09/28 12:58:23 PM [INFO] internet abaixo dos 40% fornecido no contrato da VIVO (<=90Mbps): 100.96Mbps
2020/09/28 12:58:33 PM [INFO] internet abaixo dos 40% fornecido no contrato da VIVO (<=90Mbps): 102.18Mbps
2020/09/28 12:58:43 PM [INFO] internet abaixo dos 40% fornecido no contrato da VIVO (<=90Mbps): 96.91Mbps
2020/09/28 12:58:53 PM [INFO] internet abaixo dos 40% fornecido no contrato da VIVO (<=90Mbps): 99.65Mbps
2020/09/28 12:59:03 PM [INFO] internet abaixo dos 40% fornecido no contrato da VIVO (<=90Mbps): 99.12Mbps
2020/09/28 12:59:13 PM [INFO] internet abaixo dos 40% fornecido no contrato da VIVO (<=90Mbps): 97.60Mbps
2020/09/28 12:59:23 PM [INFO] internet abaixo dos 40% fornecido no contrato da VIVO (<=90Mbps): 99.89Mbps
2020/09/28 12:59:33 PM [INFO] internet abaixo dos 40% fornecido no contrato da VIVO (<=90Mbps): 99.96Mbps
2020/09/28 12:59:43 PM [INFO] internet abaixo dos 40% fornecido no contrato da VIVO (<=90Mbps): 97.49Mbps
2020/09/28 12:59:53 PM [INFO] internet abaixo dos 40% fornecido no contrato da VIVO (<=90Mbps): 90.78Mbps
2020/09/28 01:00:03 PM [INFO] internet abaixo dos 40% fornecido no contrato da VIVO (<=90Mbps): 93.04Mbps
2020/09/28 01:00:13 PM [INFO] internet abaixo dos 40% fornecido no contrato da VIVO (<=90Mbps): 96.79Mbps
2020/09/28 01:00:23 PM [INFO] internet abaixo dos 40% fornecido no contrato da VIVO (<=90Mbps): 95.65Mbps
2020/09/28 01:00:33 PM [INFO] internet abaixo dos 40% fornecido no contrato da VIVO (<=90Mbps): 90.93Mbps
2020/09/28 01:00:43 PM [INFO] internet abaixo dos 40% fornecido no contrato da VIVO (<=90Mbps): 99.02Mbps
2020/09/28 01:00:53 PM [INFO] internet abaixo dos 40% fornecido no contrato da VIVO (<=90Mbps): 90.39Mbps
2020/09/28 01:01:03 PM [INFO] internet abaixo dos 40% fornecido no contrato da VIVO (<=90Mbps): 86.89Mbps
2020/09/28 01:01:13 PM [INFO] internet abaixo dos 40% fornecido no contrato da VIVO (<=90Mbps): 92.42Mbps
2020/09/28 01:01:23 PM [INFO] internet abaixo dos 40% fornecido no contrato da VIVO (<=90Mbps): 84.44Mbps
2020/09/28 01:01:33 PM [INFO] internet abaixo dos 40% fornecido no contrato da VIVO (<=90Mbps): 72.88Mbps
2020/09/28 01:01:44 PM [INFO] internet abaixo dos 40% fornecido no contrato da VIVO (<=90Mbps): 68.67Mbps
2020/09/28 01:01:54 PM [INFO] internet abaixo dos 40% fornecido no contrato da VIVO (<=90Mbps): 50.48Mbps
2020/09/28 01:02:04 PM [INFO] internet abaixo dos 40% fornecido no contrato da VIVO (<=90Mbps): 63.56Mbps
2020/09/28 01:02:14 PM [INFO] internet abaixo dos 40% fornecido no contrato da VIVO (<=90Mbps): 86.10Mbps
2020/09/28 01:02:24 PM [INFO] internet abaixo dos 40% fornecido no contrato da VIVO (<=90Mbps): 77.65Mbps
2020/09/28 01:02:34 PM [INFO] internet abaixo dos 40% fornecido no contrato da VIVO (<=90Mbps): 84.44Mbps
2020/09/28 01:02:44 PM [INFO] internet abaixo dos 40% fornecido no contrato da VIVO (<=90Mbps): 87.84Mbps
2020/09/28 01:02:54 PM [INFO] internet abaixo dos 40% fornecido no contrato da VIVO (<=90Mbps): 76.31Mbps
2020/09/28 01:03:04 PM [INFO] internet abaixo dos 40% fornecido no contrato da VIVO (<=90Mbps): 75.70Mbps
2020/09/28 01:03:14 PM [INFO] internet abaixo dos 40% fornecido no contrato da VIVO (<=90Mbps): 67.46Mbps
2020/09/28 01:03:24 PM [INFO] internet abaixo dos 40% fornecido no contrato da VIVO (<=90Mbps): 63.45Mbps
2020/09/28 01:03:34 PM [INFO] internet abaixo dos 40% fornecido no contrato da VIVO (<=90Mbps): 72.07Mbps
2020/09/28 01:03:44 PM [INFO] internet abaixo dos 40% fornecido no contrato da VIVO (<=90Mbps): 64.12Mbps
2020/09/28 01:03:54 PM [INFO] internet abaixo dos 40% fornecido no contrato da VIVO (<=90Mbps): 58.00Mbps
2020/09/28 01:04:04 PM [INFO] internet abaixo dos 40% fornecido no contrato da VIVO (<=90Mbps): 74.26Mbps
2020/09/28 01:04:14 PM [INFO] internet abaixo dos 40% fornecido no contrato da VIVO (<=90Mbps): 69.25Mbps
2020/09/28 01:04:24 PM [INFO] internet abaixo dos 40% fornecido no contrato da VIVO (<=90Mbps): 72.41Mbps
2020/09/28 01:04:34 PM [INFO] internet abaixo dos 40% fornecido no contrato da VIVO (<=90Mbps): 44.67Mbps
2020/09/28 01:04:44 PM [INFO] internet abaixo dos 40% fornecido no contrato da VIVO (<=90Mbps): 44.11Mbps
2020/09/28 01:04:54 PM [INFO] internet abaixo dos 40% fornecido no contrato da VIVO (<=90Mbps): 49.40Mbps
2020/09/28 01:05:04 PM [INFO] internet abaixo dos 40% fornecido no contrato da VIVO (<=90Mbps): 45.47Mbps
2020/09/28 01:05:14 PM [INFO] internet abaixo dos 40% fornecido no contrato da VIVO (<=90Mbps): 45.37Mbps
2020/09/28 01:05:24 PM [INFO] internet abaixo dos 40% fornecido no contrato da VIVO (<=90Mbps): 43.92Mbps
2020/09/28 01:05:34 PM [INFO] internet abaixo dos 40% fornecido no contrato da VIVO (<=90Mbps): 44.64Mbps
2020/09/28 01:05:44 PM [INFO] internet abaixo dos 40% fornecido no contrato da VIVO (<=90Mbps): 56.94Mbps
2020/09/28 01:05:54 PM [INFO] internet abaixo dos 40% fornecido no contrato da VIVO (<=90Mbps): 56.36Mbps
2020/09/28 01:06:04 PM [INFO] internet abaixo dos 40% fornecido no contrato da VIVO (<=90Mbps): 73.46Mbps
2020/09/28 01:06:14 PM [INFO] internet abaixo dos 40% fornecido no contrato da VIVO (<=90Mbps): 88.09Mbps
2020/09/28 01:06:24 PM [INFO] internet abaixo dos 40% fornecido no contrato da VIVO (<=90Mbps): 97.27Mbps
2020/09/28 01:06:34 PM [INFO] internet abaixo dos 40% fornecido no contrato da VIVO (<=90Mbps): 104.35Mbps
2020/09/28 01:06:44 PM [INFO] internet acima dos 40% fornecido no contrato da VIVO (>90Mbps): 121.68Mbps
2020/09/28 01:06:54 PM [INFO] internet acima dos 40% fornecido no contrato da VIVO (>90Mbps): 132.16Mbps
2020/09/28 01:07:04 PM [INFO] internet acima dos 40% fornecido no contrato da VIVO (>90Mbps): 145.50Mbps
2020/09/28 01:07:14 PM [INFO] internet acima dos 40% fornecido no contrato da VIVO (>90Mbps): 122.23Mbps
2020/09/28 01:07:24 PM [INFO] internet acima dos 40% fornecido no contrato da VIVO (>90Mbps): 121.32Mbps
2020/09/28 01:07:34 PM [INFO] internet abaixo dos 40% fornecido no contrato da VIVO (<=90Mbps): 109.97Mbps
2020/09/28 01:07:44 PM [INFO] internet acima dos 40% fornecido no contrato da VIVO (>90Mbps): 123.58Mbps
2020/09/28 01:07:54 PM [INFO] internet acima dos 40% fornecido no contrato da VIVO (>90Mbps): 123.77Mbps
2020/09/28 01:08:04 PM [INFO] internet acima dos 40% fornecido no contrato da VIVO (>90Mbps): 133.81Mbps
2020/09/28 01:08:10 PM [INFO] internet acima dos 40% fornecido no contrato da VIVO (>90Mbps): 146.52Mbps
2020/09/28 01:08:20 PM [INFO] internet acima dos 40% fornecido no contrato da VIVO (>90Mbps): 136.67Mbps
2020/09/28 01:08:30 PM [INFO] internet acima dos 40% fornecido no contrato da VIVO (>90Mbps): 144.19Mbps
2020/09/28 01:08:40 PM [INFO] internet acima dos 40% fornecido no contrato da VIVO (>90Mbps): 125.60Mbps
2020/09/28 01:08:50 PM [INFO] internet acima dos 40% fornecido no contrato da VIVO (>90Mbps): 144.60Mbps
2020/09/28 01:09:00 PM [INFO] internet acima dos 40% fornecido no contrato da VIVO (>90Mbps): 137.95Mbps
2020/09/28 01:09:10 PM [INFO] internet acima dos 40% fornecido no contrato da VIVO (>90Mbps): 160.51Mbps
2020/09/28 01:09:20 PM [INFO] internet acima dos 40% fornecido no contrato da VIVO (>90Mbps): 166.89Mbps
2020/09/28 01:09:30 PM [INFO] internet acima dos 40% fornecido no contrato da VIVO (>90Mbps): 167.31Mbps
2020/09/28 01:09:40 PM [INFO] internet acima dos 40% fornecido no contrato da VIVO (>90Mbps): 161.64Mbps
2020/09/28 01:09:50 PM [INFO] internet acima dos 40% fornecido no contrato da VIVO (>90Mbps): 143.22Mbps
2020/09/28 01:10:00 PM [INFO] internet acima dos 40% fornecido no contrato da VIVO (>90Mbps): 164.46Mbps
2020/09/28 01:10:10 PM [INFO] internet acima dos 40% fornecido no contrato da VIVO (>90Mbps): 155.45Mbps
2020/09/28 01:10:20 PM [INFO] internet acima dos 40% fornecido no contrato da VIVO (>90Mbps): 166.15Mbps
2020/09/28 01:10:30 PM [INFO] internet acima dos 40% fornecido no contrato da VIVO (>90Mbps): 166.46Mbps
2020/09/28 01:10:40 PM [INFO] internet acima dos 40% fornecido no contrato da VIVO (>90Mbps): 163.68Mbps
2020/09/28 01:10:50 PM [INFO] internet acima dos 40% fornecido no contrato da VIVO (>90Mbps): 162.39Mbps
2020/09/28 01:11:00 PM [INFO] internet acima dos 40% fornecido no contrato da VIVO (>90Mbps): 155.56Mbps
2020/09/28 01:11:10 PM [INFO] internet acima dos 40% fornecido no contrato da VIVO (>90Mbps): 150.56Mbps
2020/09/28 01:11:20 PM [INFO] internet acima dos 40% fornecido no contrato da VIVO (>90Mbps): 145.26Mbps
2020/09/28 01:11:30 PM [INFO] internet acima dos 40% fornecido no contrato da VIVO (>90Mbps): 161.05Mbps
2020/09/28 01:11:40 PM [INFO] internet acima dos 40% fornecido no contrato da VIVO (>90Mbps): 163.32Mbps
2020/09/28 01:11:50 PM [INFO] internet acima dos 40% fornecido no contrato da VIVO (>90Mbps): 157.65Mbps
2020/09/28 01:12:00 PM [INFO] internet acima dos 40% fornecido no contrato da VIVO (>90Mbps): 160.27Mbps
2020/09/28 01:12:10 PM [INFO] internet acima dos 40% fornecido no contrato da VIVO (>90Mbps): 158.28Mbps
2020/09/28 01:12:20 PM [INFO] internet acima dos 40% fornecido no contrato da VIVO (>90Mbps): 164.45Mbps
2020/09/28 01:12:30 PM [INFO] internet acima dos 40% fornecido no contrato da VIVO (>90Mbps): 161.71Mbps
2020/09/28 01:12:40 PM [INFO] internet acima dos 40% fornecido no contrato da VIVO (>90Mbps): 165.05Mbps
2020/09/28 01:12:50 PM [INFO] internet acima dos 40% fornecido no contrato da VIVO (>90Mbps): 165.10Mbps
2020/09/28 01:13:00 PM [INFO] internet acima dos 40% fornecido no contrato da VIVO (>90Mbps): 161.19Mbps
2020/09/28 01:13:10 PM [INFO] internet acima dos 40% fornecido no contrato da VIVO (>90Mbps): 162.30Mbps
2020/09/28 01:13:20 PM [INFO] internet acima dos 40% fornecido no contrato da VIVO (>90Mbps): 147.99Mbps
2020/09/28 01:13:30 PM [INFO] internet abaixo dos 40% fornecido no contrato da VIVO (<=90Mbps): 102.88Mbps
2020/09/28 01:13:40 PM [INFO] internet acima dos 40% fornecido no contrato da VIVO (>90Mbps): 132.03Mbps
2020/09/28 01:13:50 PM [INFO] internet acima dos 40% fornecido no contrato da VIVO (>90Mbps): 131.34Mbps
2020/09/28 01:14:00 PM [INFO] internet acima dos 40% fornecido no contrato da VIVO (>90Mbps): 131.36Mbps
2020/09/28 01:14:10 PM [INFO] internet acima dos 40% fornecido no contrato da VIVO (>90Mbps): 121.26Mbps
2020/09/28 01:14:20 PM [INFO] internet acima dos 40% fornecido no contrato da VIVO (>90Mbps): 134.30Mbps
2020/09/28 01:14:30 PM [INFO] internet acima dos 40% fornecido no contrato da VIVO (>90Mbps): 138.03Mbps
2020/09/28 01:14:40 PM [INFO] internet acima dos 40% fornecido no contrato da VIVO (>90Mbps): 133.42Mbps
2020/09/28 01:14:50 PM [INFO] internet acima dos 40% fornecido no contrato da VIVO (>90Mbps): 131.49Mbps
2020/09/28 01:15:00 PM [INFO] internet abaixo dos 40% fornecido no contrato da VIVO (<=90Mbps): 113.55Mbps
2020/09/28 01:15:10 PM [INFO] internet abaixo dos 40% fornecido no contrato da VIVO (<=90Mbps): 118.27Mbps
2020/09/28 01:15:21 PM [INFO] internet acima dos 40% fornecido no contrato da VIVO (>90Mbps): 138.13Mbps
2020/09/28 01:15:31 PM [INFO] internet acima dos 40% fornecido no contrato da VIVO (>90Mbps): 134.19Mbps
2020/09/28 01:15:41 PM [INFO] internet acima dos 40% fornecido no contrato da VIVO (>90Mbps): 134.16Mbps
2020/09/28 01:15:51 PM [INFO] internet acima dos 40% fornecido no contrato da VIVO (>90Mbps): 133.06Mbps
2020/09/28 01:16:01 PM [INFO] internet acima dos 40% fornecido no contrato da VIVO (>90Mbps): 132.66Mbps
2020/09/28 01:16:11 PM [INFO] internet acima dos 40% fornecido no contrato da VIVO (>90Mbps): 128.97Mbps
2020/09/28 01:16:21 PM [INFO] internet acima dos 40% fornecido no contrato da VIVO (>90Mbps): 121.66Mbps
2020/09/28 01:16:31 PM [INFO] internet acima dos 40% fornecido no contrato da VIVO (>90Mbps): 126.91Mbps
2020/09/28 01:16:41 PM [INFO] internet acima dos 40% fornecido no contrato da VIVO (>90Mbps): 124.62Mbps
2020/09/28 01:16:51 PM [INFO] internet abaixo dos 40% fornecido no contrato da VIVO (<=90Mbps): 110.43Mbps
2020/09/28 01:17:01 PM [INFO] internet acima dos 40% fornecido no contrato da VIVO (>90Mbps): 125.49Mbps
2020/09/28 01:17:11 PM [INFO] internet abaixo dos 40% fornecido no contrato da VIVO (<=90Mbps): 115.69Mbps
2020/09/28 01:17:21 PM [INFO] internet abaixo dos 40% fornecido no contrato da VIVO (<=90Mbps): 118.86Mbps
2020/09/28 01:17:31 PM [INFO] internet abaixo dos 40% fornecido no contrato da VIVO (<=90Mbps): 104.59Mbps
2020/09/28 01:17:41 PM [INFO] internet acima dos 40% fornecido no contrato da VIVO (>90Mbps): 129.55Mbps
2020/09/28 01:17:51 PM [INFO] internet acima dos 40% fornecido no contrato da VIVO (>90Mbps): 130.47Mbps
2020/09/28 01:18:01 PM [INFO] internet acima dos 40% fornecido no contrato da VIVO (>90Mbps): 122.11Mbps
2020/09/28 01:18:11 PM [INFO] internet acima dos 40% fornecido no contrato da VIVO (>90Mbps): 126.37Mbps
2020/09/28 01:18:21 PM [INFO] internet acima dos 40% fornecido no contrato da VIVO (>90Mbps): 125.35Mbps
2020/09/28 01:18:31 PM [INFO] internet acima dos 40% fornecido no contrato da VIVO (>90Mbps): 125.58Mbps
2020/09/28 01:18:41 PM [INFO] internet abaixo dos 40% fornecido no contrato da VIVO (<=90Mbps): 12.77Mbps
2020/09/28 01:18:51 PM [INFO] internet acima dos 40% fornecido no contrato da VIVO (>90Mbps): 131.51Mbps
2020/09/28 01:19:01 PM [INFO] internet acima dos 40% fornecido no contrato da VIVO (>90Mbps): 124.46Mbps
2020/09/28 01:19:11 PM [INFO] internet acima dos 40% fornecido no contrato da VIVO (>90Mbps): 145.31Mbps
2020/09/28 01:19:21 PM [INFO] internet acima dos 40% fornecido no contrato da VIVO (>90Mbps): 157.86Mbps
2020/09/28 01:19:31 PM [INFO] internet acima dos 40% fornecido no contrato da VIVO (>90Mbps): 143.10Mbps
2020/09/28 01:19:41 PM [INFO] internet acima dos 40% fornecido no contrato da VIVO (>90Mbps): 150.27Mbps
2020/09/28 01:19:51 PM [INFO] internet acima dos 40% fornecido no contrato da VIVO (>90Mbps): 161.52Mbps
2020/09/28 01:20:01 PM [INFO] internet acima dos 40% fornecido no contrato da VIVO (>90Mbps): 160.30Mbps
2020/09/28 01:20:11 PM [INFO] internet acima dos 40% fornecido no contrato da VIVO (>90Mbps): 160.50Mbps
2020/09/28 01:20:21 PM [INFO] internet acima dos 40% fornecido no contrato da VIVO (>90Mbps): 161.15Mbps
2020/09/28 01:20:31 PM [INFO] internet acima dos 40% fornecido no contrato da VIVO (>90Mbps): 165.83Mbps
2020/09/28 01:20:41 PM [INFO] internet acima dos 40% fornecido no contrato da VIVO (>90Mbps): 162.18Mbps
2020/09/28 01:20:51 PM [INFO] internet acima dos 40% fornecido no contrato da VIVO (>90Mbps): 127.51Mbps
2020/09/28 01:21:01 PM [INFO] internet acima dos 40% fornecido no contrato da VIVO (>90Mbps): 165.43Mbps
2020/09/28 01:21:11 PM [INFO] internet acima dos 40% fornecido no contrato da VIVO (>90Mbps): 161.45Mbps
2020/09/28 01:21:21 PM [INFO] internet acima dos 40% fornecido no contrato da VIVO (>90Mbps): 166.22Mbps
2020/09/28 01:21:31 PM [INFO] internet acima dos 40% fornecido no contrato da VIVO (>90Mbps): 160.21Mbps
2020/09/28 01:21:41 PM [INFO] internet acima dos 40% fornecido no contrato da VIVO (>90Mbps): 155.47Mbps
2020/09/28 01:21:51 PM [INFO] internet acima dos 40% fornecido no contrato da VIVO (>90Mbps): 148.38Mbps
2020/09/28 01:22:01 PM [INFO] internet acima dos 40% fornecido no contrato da VIVO (>90Mbps): 146.86Mbps
2020/09/28 01:22:11 PM [INFO] internet acima dos 40% fornecido no contrato da VIVO (>90Mbps): 157.68Mbps
2020/09/28 01:22:21 PM [INFO] internet acima dos 40% fornecido no contrato da VIVO (>90Mbps): 148.27Mbps
2020/09/28 01:22:31 PM [INFO] internet acima dos 40% fornecido no contrato da VIVO (>90Mbps): 164.29Mbps
2020/09/28 01:22:41 PM [INFO] internet acima dos 40% fornecido no contrato da VIVO (>90Mbps): 148.67Mbps
2020/09/28 01:22:51 PM [INFO] internet acima dos 40% fornecido no contrato da VIVO (>90Mbps): 167.85Mbps
2020/09/28 01:23:01 PM [INFO] internet acima dos 40% fornecido no contrato da VIVO (>90Mbps): 157.12Mbps
2020/09/28 01:23:11 PM [INFO] internet acima dos 40% fornecido no contrato da VIVO (>90Mbps): 153.45Mbps
2020/09/28 01:23:21 PM [INFO] internet acima dos 40% fornecido no contrato da VIVO (>90Mbps): 157.87Mbps
2020/09/28 01:23:31 PM [INFO] internet acima dos 40% fornecido no contrato da VIVO (>90Mbps): 164.59Mbps
2020/09/28 01:23:41 PM [INFO] internet acima dos 40% fornecido no contrato da VIVO (>90Mbps): 162.38Mbps
2020/09/28 01:23:51 PM [INFO] internet acima dos 40% fornecido no contrato da VIVO (>90Mbps): 157.83Mbps
2020/09/28 01:24:01 PM [INFO] internet acima dos 40% fornecido no contrato da VIVO (>90Mbps): 159.61Mbps
2020/09/28 01:24:11 PM [INFO] internet acima dos 40% fornecido no contrato da VIVO (>90Mbps): 159.52Mbps
2020/09/28 01:24:21 PM [INFO] internet acima dos 40% fornecido no contrato da VIVO (>90Mbps): 164.71Mbps
2020/09/28 01:24:31 PM [INFO] internet acima dos 40% fornecido no contrato da VIVO (>90Mbps): 162.84Mbps
2020/09/28 01:24:41 PM [INFO] internet acima dos 40% fornecido no contrato da VIVO (>90Mbps): 144.29Mbps
2020/09/28 01:24:51 PM [INFO] internet acima dos 40% fornecido no contrato da VIVO (>90Mbps): 141.93Mbps
2020/09/28 01:25:01 PM [INFO] internet acima dos 40% fornecido no contrato da VIVO (>90Mbps): 154.39Mbps
2020/09/28 01:25:11 PM [INFO] internet acima dos 40% fornecido no contrato da VIVO (>90Mbps): 150.96Mbps
2020/09/28 01:25:22 PM [INFO] internet acima dos 40% fornecido no contrato da VIVO (>90Mbps): 157.02Mbps
2020/09/28 01:25:32 PM [INFO] internet acima dos 40% fornecido no contrato da VIVO (>90Mbps): 156.09Mbps
2020/09/28 01:25:42 PM [INFO] internet acima dos 40% fornecido no contrato da VIVO (>90Mbps): 157.67Mbps
2020/09/28 01:25:52 PM [INFO] internet acima dos 40% fornecido no contrato da VIVO (>90Mbps): 155.79Mbps
2020/09/28 01:26:02 PM [INFO] internet acima dos 40% fornecido no contrato da VIVO (>90Mbps): 139.51Mbps
2020/09/28 01:26:12 PM [INFO] internet acima dos 40% fornecido no contrato da VIVO (>90Mbps): 146.53Mbps
2020/09/28 01:26:22 PM [INFO] internet acima dos 40% fornecido no contrato da VIVO (>90Mbps): 159.79Mbps
2020/09/28 01:26:32 PM [INFO] internet acima dos 40% fornecido no contrato da VIVO (>90Mbps): 163.65Mbps
2020/09/28 01:26:42 PM [INFO] internet acima dos 40% fornecido no contrato da VIVO (>90Mbps): 159.87Mbps
2020/09/28 01:26:52 PM [INFO] internet acima dos 40% fornecido no contrato da VIVO (>90Mbps): 162.54Mbps
2020/09/28 01:27:02 PM [INFO] internet acima dos 40% fornecido no contrato da VIVO (>90Mbps): 154.18Mbps
2020/09/28 01:27:12 PM [INFO] internet acima dos 40% fornecido no contrato da VIVO (>90Mbps): 153.90Mbps
2020/09/28 01:27:22 PM [INFO] internet acima dos 40% fornecido no contrato da VIVO (>90Mbps): 158.41Mbps
2020/09/28 01:27:32 PM [INFO] internet acima dos 40% fornecido no contrato da VIVO (>90Mbps): 159.18Mbps
2020/09/28 01:27:42 PM [INFO] internet acima dos 40% fornecido no contrato da VIVO (>90Mbps): 162.85Mbps
2020/09/28 01:27:52 PM [INFO] internet acima dos 40% fornecido no contrato da VIVO (>90Mbps): 158.29Mbps
2020/09/28 01:28:02 PM [INFO] internet acima dos 40% fornecido no contrato da VIVO (>90Mbps): 155.21Mbps
2020/09/28 01:28:12 PM [INFO] internet acima dos 40% fornecido no contrato da VIVO (>90Mbps): 157.87Mbps
2020/09/28 01:28:22 PM [INFO] internet acima dos 40% fornecido no contrato da VIVO (>90Mbps): 157.73Mbps
2020/09/28 01:28:32 PM [INFO] internet acima dos 40% fornecido no contrato da VIVO (>90Mbps): 168.54Mbps
2020/09/28 01:28:42 PM [INFO] internet acima dos 40% fornecido no contrato da VIVO (>90Mbps): 158.19Mbps
2020/09/28 01:28:52 PM [INFO] internet acima dos 40% fornecido no contrato da VIVO (>90Mbps): 167.98Mbps
2020/09/28 01:29:02 PM [INFO] internet acima dos 40% fornecido no contrato da VIVO (>90Mbps): 152.22Mbps
2020/09/28 01:29:12 PM [INFO] internet acima dos 40% fornecido no contrato da VIVO (>90Mbps): 143.22Mbps
2020/09/28 01:29:22 PM [INFO] internet acima dos 40% fornecido no contrato da VIVO (>90Mbps): 143.47Mbps
2020/09/28 01:29:32 PM [INFO] internet acima dos 40% fornecido no contrato da VIVO (>90Mbps): 163.39Mbps
2020/09/28 01:29:42 PM [INFO] internet acima dos 40% fornecido no contrato da VIVO (>90Mbps): 166.00Mbps
2020/09/28 01:29:52 PM [INFO] internet acima dos 40% fornecido no contrato da VIVO (>90Mbps): 162.45Mbps
2020/09/28 01:30:02 PM [INFO] internet acima dos 40% fornecido no contrato da VIVO (>90Mbps): 160.62Mbps
2020/09/28 01:30:12 PM [INFO] internet acima dos 40% fornecido no contrato da VIVO (>90Mbps): 161.70Mbps
2020/09/28 01:30:24 PM [INFO] internet abaixo dos 40% fornecido no contrato da VIVO (<=90Mbps): 111.17Mbps
2020/09/28 01:30:34 PM [INFO] internet acima dos 40% fornecido no contrato da VIVO (>90Mbps): 165.95Mbps
2020/09/28 01:30:44 PM [INFO] internet acima dos 40% fornecido no contrato da VIVO (>90Mbps): 150.31Mbps
2020/09/28 01:30:54 PM [INFO] internet acima dos 40% fornecido no contrato da VIVO (>90Mbps): 163.89Mbps
2020/09/28 01:31:04 PM [INFO] internet acima dos 40% fornecido no contrato da VIVO (>90Mbps): 162.63Mbps
2020/09/28 01:31:14 PM [INFO] internet acima dos 40% fornecido no contrato da VIVO (>90Mbps): 165.22Mbps
2020/09/28 01:31:24 PM [INFO] internet acima dos 40% fornecido no contrato da VIVO (>90Mbps): 166.75Mbps
2020/09/28 01:31:34 PM [INFO] internet acima dos 40% fornecido no contrato da VIVO (>90Mbps): 165.07Mbps
2020/09/28 01:31:44 PM [INFO] internet acima dos 40% fornecido no contrato da VIVO (>90Mbps): 162.86Mbps
2020/09/28 01:31:54 PM [INFO] internet acima dos 40% fornecido no contrato da VIVO (>90Mbps): 164.87Mbps
2020/09/28 01:32:04 PM [INFO] internet acima dos 40% fornecido no contrato da VIVO (>90Mbps): 159.83Mbps
2020/09/28 01:32:14 PM [INFO] internet acima dos 40% fornecido no contrato da VIVO (>90Mbps): 165.20Mbps
2020/09/28 01:32:24 PM [INFO] internet acima dos 40% fornecido no contrato da VIVO (>90Mbps): 166.64Mbps
2020/09/28 01:32:35 PM [INFO] internet acima dos 40% fornecido no contrato da VIVO (>90Mbps): 165.00Mbps
2020/09/28 01:32:45 PM [INFO] internet acima dos 40% fornecido no contrato da VIVO (>90Mbps): 162.44Mbps
2020/09/28 01:32:55 PM [INFO] internet acima dos 40% fornecido no contrato da VIVO (>90Mbps): 170.48Mbps
2020/09/28 01:33:05 PM [INFO] internet acima dos 40% fornecido no contrato da VIVO (>90Mbps): 165.65Mbps
2020/09/28 01:33:15 PM [INFO] internet acima dos 40% fornecido no contrato da VIVO (>90Mbps): 158.71Mbps
2020/09/28 01:33:25 PM [INFO] internet acima dos 40% fornecido no contrato da VIVO (>90Mbps): 162.14Mbps
2020/09/28 01:33:35 PM [INFO] internet acima dos 40% fornecido no contrato da VIVO (>90Mbps): 163.10Mbps
2020/09/28 01:33:45 PM [INFO] internet acima dos 40% fornecido no contrato da VIVO (>90Mbps): 158.85Mbps
2020/09/28 01:33:55 PM [INFO] internet acima dos 40% fornecido no contrato da VIVO (>90Mbps): 153.55Mbps
2020/09/28 01:34:05 PM [INFO] internet acima dos 40% fornecido no contrato da VIVO (>90Mbps): 159.33Mbps
2020/09/28 01:34:15 PM [INFO] internet acima dos 40% fornecido no contrato da VIVO (>90Mbps): 161.49Mbps
2020/09/28 01:34:25 PM [INFO] internet acima dos 40% fornecido no contrato da VIVO (>90Mbps): 159.14Mbps
2020/09/28 01:34:35 PM [INFO] internet acima dos 40% fornecido no contrato da VIVO (>90Mbps): 162.78Mbps
2020/09/28 01:34:45 PM [INFO] internet acima dos 40% fornecido no contrato da VIVO (>90Mbps): 163.10Mbps
2020/09/28 01:34:55 PM [INFO] internet acima dos 40% fornecido no contrato da VIVO (>90Mbps): 170.06Mbps
2020/09/28 01:35:05 PM [INFO] internet acima dos 40% fornecido no contrato da VIVO (>90Mbps): 169.25Mbps
2020/09/28 01:35:15 PM [INFO] internet acima dos 40% fornecido no contrato da VIVO (>90Mbps): 162.79Mbps
2020/09/28 01:35:25 PM [INFO] internet acima dos 40% fornecido no contrato da VIVO (>90Mbps): 159.72Mbps
2020/09/28 01:35:35 PM [INFO] internet acima dos 40% fornecido no contrato da VIVO (>90Mbps): 157.51Mbps
2020/09/28 01:35:45 PM [INFO] internet acima dos 40% fornecido no contrato da VIVO (>90Mbps): 150.53Mbps
2020/09/28 01:35:55 PM [INFO] internet acima dos 40% fornecido no contrato da VIVO (>90Mbps): 157.02Mbps
2020/09/28 01:36:05 PM [INFO] internet acima dos 40% fornecido no contrato da VIVO (>90Mbps): 160.34Mbps
2020/09/28 01:36:15 PM [INFO] internet acima dos 40% fornecido no contrato da VIVO (>90Mbps): 153.02Mbps
2020/09/28 01:36:25 PM [INFO] internet acima dos 40% fornecido no contrato da VIVO (>90Mbps): 158.90Mbps
2020/09/28 01:36:35 PM [INFO] internet acima dos 40% fornecido no contrato da VIVO (>90Mbps): 153.89Mbps
2020/09/28 01:36:45 PM [INFO] internet acima dos 40% fornecido no contrato da VIVO (>90Mbps): 158.74Mbps
2020/09/28 01:36:55 PM [INFO] internet acima dos 40% fornecido no contrato da VIVO (>90Mbps): 149.83Mbps
2020/09/28 01:37:05 PM [INFO] internet acima dos 40% fornecido no contrato da VIVO (>90Mbps): 156.86Mbps
2020/09/28 01:37:15 PM [INFO] internet acima dos 40% fornecido no contrato da VIVO (>90Mbps): 159.52Mbps
2020/09/28 01:37:25 PM [INFO] internet acima dos 40% fornecido no contrato da VIVO (>90Mbps): 166.88Mbps
2020/09/28 01:37:35 PM [INFO] internet acima dos 40% fornecido no contrato da VIVO (>90Mbps): 162.53Mbps
2020/09/28 01:37:45 PM [INFO] internet acima dos 40% fornecido no contrato da VIVO (>90Mbps): 163.64Mbps
2020/09/28 01:37:55 PM [INFO] internet acima dos 40% fornecido no contrato da VIVO (>90Mbps): 167.31Mbps
2020/09/28 01:38:05 PM [INFO] internet acima dos 40% fornecido no contrato da VIVO (>90Mbps): 165.50Mbps
2020/09/28 01:38:15 PM [INFO] internet acima dos 40% fornecido no contrato da VIVO (>90Mbps): 165.12Mbps
2020/09/28 01:38:25 PM [INFO] internet acima dos 40% fornecido no contrato da VIVO (>90Mbps): 167.36Mbps
2020/09/28 01:38:35 PM [INFO] internet acima dos 40% fornecido no contrato da VIVO (>90Mbps): 167.13Mbps
2020/09/28 01:38:45 PM [INFO] internet acima dos 40% fornecido no contrato da VIVO (>90Mbps): 168.40Mbps
2020/09/28 01:38:55 PM [INFO] internet acima dos 40% fornecido no contrato da VIVO (>90Mbps): 159.44Mbps
2020/09/28 01:39:05 PM [INFO] internet acima dos 40% fornecido no contrato da VIVO (>90Mbps): 166.21Mbps
2020/09/28 01:39:15 PM [INFO] internet acima dos 40% fornecido no contrato da VIVO (>90Mbps): 154.99Mbps
2020/09/28 01:39:25 PM [INFO] internet acima dos 40% fornecido no contrato da VIVO (>90Mbps): 168.27Mbps
2020/09/28 01:39:35 PM [INFO] internet acima dos 40% fornecido no contrato da VIVO (>90Mbps): 166.97Mbps
2020/09/28 01:39:45 PM [INFO] internet acima dos 40% fornecido no contrato da VIVO (>90Mbps): 162.15Mbps
2020/09/28 01:39:55 PM [INFO] internet acima dos 40% fornecido no contrato da VIVO (>90Mbps): 164.66Mbps
2020/09/28 01:40:05 PM [INFO] internet acima dos 40% fornecido no contrato da VIVO (>90Mbps): 158.40Mbps
2020/09/28 01:40:15 PM [INFO] internet acima dos 40% fornecido no contrato da VIVO (>90Mbps): 162.86Mbps
2020/09/28 01:40:25 PM [INFO] internet acima dos 40% fornecido no contrato da VIVO (>90Mbps): 153.48Mbps
2020/09/28 01:40:35 PM [INFO] internet acima dos 40% fornecido no contrato da VIVO (>90Mbps): 164.49Mbps
2020/09/28 01:40:45 PM [INFO] internet acima dos 40% fornecido no contrato da VIVO (>90Mbps): 169.42Mbps
2020/09/28 01:40:55 PM [INFO] internet acima dos 40% fornecido no contrato da VIVO (>90Mbps): 166.76Mbps
2020/09/28 01:41:05 PM [INFO] internet acima dos 40% fornecido no contrato da VIVO (>90Mbps): 168.09Mbps
2020/09/28 01:41:15 PM [INFO] internet acima dos 40% fornecido no contrato da VIVO (>90Mbps): 158.93Mbps
2020/09/28 01:41:25 PM [INFO] internet acima dos 40% fornecido no contrato da VIVO (>90Mbps): 162.08Mbps
2020/09/28 01:41:35 PM [INFO] internet acima dos 40% fornecido no contrato da VIVO (>90Mbps): 162.09Mbps
2020/09/28 01:41:45 PM [INFO] internet acima dos 40% fornecido no contrato da VIVO (>90Mbps): 152.56Mbps
2020/09/28 01:41:55 PM [INFO] internet acima dos 40% fornecido no contrato da VIVO (>90Mbps): 163.79Mbps
2020/09/28 01:42:05 PM [INFO] internet acima dos 40% fornecido no contrato da VIVO (>90Mbps): 165.41Mbps
2020/09/28 01:42:15 PM [INFO] internet acima dos 40% fornecido no contrato da VIVO (>90Mbps): 159.87Mbps
2020/09/28 01:42:25 PM [INFO] internet acima dos 40% fornecido no contrato da VIVO (>90Mbps): 172.40Mbps
2020/09/28 01:42:35 PM [INFO] internet acima dos 40% fornecido no contrato da VIVO (>90Mbps): 165.80Mbps
2020/09/28 01:42:45 PM [INFO] internet acima dos 40% fornecido no contrato da VIVO (>90Mbps): 158.00Mbps
2020/09/28 01:42:55 PM [INFO] internet acima dos 40% fornecido no contrato da VIVO (>90Mbps): 165.38Mbps
2020/09/28 01:43:05 PM [INFO] internet acima dos 40% fornecido no contrato da VIVO (>90Mbps): 169.37Mbps
2020/09/28 01:43:15 PM [INFO] internet acima dos 40% fornecido no contrato da VIVO (>90Mbps): 166.32Mbps
2020/09/28 01:43:25 PM [INFO] internet acima dos 40% fornecido no contrato da VIVO (>90Mbps): 171.05Mbps
2020/09/28 01:43:35 PM [INFO] internet acima dos 40% fornecido no contrato da VIVO (>90Mbps): 161.76Mbps
2020/09/28 01:43:45 PM [INFO] internet acima dos 40% fornecido no contrato da VIVO (>90Mbps): 166.18Mbps
2020/09/28 01:43:55 PM [INFO] internet acima dos 40% fornecido no contrato da VIVO (>90Mbps): 170.27Mbps
2020/09/28 01:44:05 PM [INFO] internet acima dos 40% fornecido no contrato da VIVO (>90Mbps): 165.89Mbps
2020/09/28 01:44:15 PM [INFO] internet acima dos 40% fornecido no contrato da VIVO (>90Mbps): 158.20Mbps
2020/09/28 01:44:25 PM [INFO] internet acima dos 40% fornecido no contrato da VIVO (>90Mbps): 161.72Mbps
2020/09/28 01:44:35 PM [INFO] internet acima dos 40% fornecido no contrato da VIVO (>90Mbps): 152.63Mbps
2020/09/28 01:44:45 PM [INFO] internet acima dos 40% fornecido no contrato da VIVO (>90Mbps): 160.28Mbps
2020/09/28 01:44:55 PM [INFO] internet acima dos 40% fornecido no contrato da VIVO (>90Mbps): 163.10Mbps
2020/09/28 01:45:05 PM [INFO] internet acima dos 40% fornecido no contrato da VIVO (>90Mbps): 161.15Mbps
2020/09/28 01:45:15 PM [INFO] internet acima dos 40% fornecido no contrato da VIVO (>90Mbps): 165.39Mbps
2020/09/28 01:45:25 PM [INFO] internet acima dos 40% fornecido no contrato da VIVO (>90Mbps): 168.95Mbps
2020/09/28 01:45:35 PM [INFO] internet acima dos 40% fornecido no contrato da VIVO (>90Mbps): 153.81Mbps
2020/09/28 01:45:45 PM [INFO] internet acima dos 40% fornecido no contrato da VIVO (>90Mbps): 139.47Mbps
2020/09/28 01:45:55 PM [INFO] internet acima dos 40% fornecido no contrato da VIVO (>90Mbps): 160.51Mbps
2020/09/28 01:46:05 PM [INFO] internet acima dos 40% fornecido no contrato da VIVO (>90Mbps): 161.21Mbps
2020/09/28 01:46:15 PM [INFO] internet acima dos 40% fornecido no contrato da VIVO (>90Mbps): 162.60Mbps
2020/09/28 01:46:25 PM [INFO] internet acima dos 40% fornecido no contrato da VIVO (>90Mbps): 159.22Mbps
2020/09/28 01:46:35 PM [INFO] internet acima dos 40% fornecido no contrato da VIVO (>90Mbps): 162.10Mbps
2020/09/28 01:46:45 PM [INFO] internet acima dos 40% fornecido no contrato da VIVO (>90Mbps): 163.46Mbps
2020/09/28 01:46:55 PM [INFO] internet acima dos 40% fornecido no contrato da VIVO (>90Mbps): 155.90Mbps
2020/09/28 01:47:05 PM [INFO] internet acima dos 40% fornecido no contrato da VIVO (>90Mbps): 161.59Mbps
2020/09/28 01:47:16 PM [INFO] internet acima dos 40% fornecido no contrato da VIVO (>90Mbps): 165.04Mbps
2020/09/28 01:47:26 PM [INFO] internet acima dos 40% fornecido no contrato da VIVO (>90Mbps): 162.22Mbps
2020/09/28 01:47:36 PM [INFO] internet acima dos 40% fornecido no contrato da VIVO (>90Mbps): 158.21Mbps
2020/09/28 01:47:46 PM [INFO] internet acima dos 40% fornecido no contrato da VIVO (>90Mbps): 164.56Mbps
2020/09/28 01:47:56 PM [INFO] internet acima dos 40% fornecido no contrato da VIVO (>90Mbps): 158.53Mbps
2020/09/28 01:48:06 PM [INFO] internet acima dos 40% fornecido no contrato da VIVO (>90Mbps): 158.20Mbps
2020/09/28 01:48:16 PM [INFO] internet acima dos 40% fornecido no contrato da VIVO (>90Mbps): 159.08Mbps
2020/09/28 01:48:26 PM [INFO] internet acima dos 40% fornecido no contrato da VIVO (>90Mbps): 162.90Mbps
2020/09/28 01:48:51 PM [INFO] internet acima dos 40% fornecido no contrato da VIVO (>90Mbps): 155.40Mbps
2020/09/28 01:50:05 PM [INFO] internet acima dos 40% fornecido no contrato da VIVO (>90Mbps): 147.35Mbps
2020/09/28 01:51:10 PM [INFO] internet acima dos 40% fornecido no contrato da VIVO (>90Mbps): 158.13Mbps
2020/09/28 01:53:38 PM [INFO] internet abaixo dos 40% fornecido no contrato da VIVO (<=90Mbps): 100.75Mbps
2020/09/28 01:54:08 PM [INFO] internet abaixo dos 40% fornecido no contrato da VIVO (<=90Mbps): 82.97Mbps
2020/09/28 01:55:18 PM [INFO] internet abaixo dos 40% fornecido no contrato da VIVO (<=90Mbps): 75.65Mbps
2020/09/28 01:56:28 PM [INFO] internet abaixo dos 40% fornecido no contrato da VIVO (<=90Mbps): 86.85Mbps
2020/09/28 01:57:38 PM [INFO] internet abaixo dos 40% fornecido no contrato da VIVO (<=90Mbps): 100.62Mbps
2020/09/28 01:58:48 PM [INFO] internet abaixo dos 40% fornecido no contrato da VIVO (<=90Mbps): 90.24Mbps
2020/09/28 01:59:58 PM [INFO] internet abaixo dos 40% fornecido no contrato da VIVO (<=90Mbps): 78.05Mbps
2020/09/28 02:01:08 PM [INFO] internet abaixo dos 40% fornecido no contrato da VIVO (<=90Mbps): 67.42Mbps
2020/09/28 02:02:18 PM [INFO] internet abaixo dos 40% fornecido no contrato da VIVO (<=90Mbps): 69.98Mbps
2020/09/28 02:03:28 PM [INFO] internet abaixo dos 40% fornecido no contrato da VIVO (<=90Mbps): 80.05Mbps
2020/09/28 02:04:38 PM [INFO] internet abaixo dos 40% fornecido no contrato da VIVO (<=90Mbps): 88.73Mbps
2020/09/28 02:05:48 PM [INFO] internet abaixo dos 40% fornecido no contrato da VIVO (<=90Mbps): 95.17Mbps
2020/09/28 02:06:58 PM [INFO] internet abaixo dos 40% fornecido no contrato da VIVO (<=90Mbps): 70.66Mbps
2020/09/28 02:08:08 PM [INFO] internet abaixo dos 40% fornecido no contrato da VIVO (<=90Mbps): 78.53Mbps
2020/09/28 02:09:18 PM [INFO] internet abaixo dos 40% fornecido no contrato da VIVO (<=90Mbps): 95.85Mbps
2020/09/28 02:10:28 PM [INFO] internet abaixo dos 40% fornecido no contrato da VIVO (<=90Mbps): 84.27Mbps
2020/09/28 02:11:38 PM [INFO] internet abaixo dos 40% fornecido no contrato da VIVO (<=90Mbps): 74.68Mbps
2020/09/28 02:12:48 PM [INFO] internet abaixo dos 40% fornecido no contrato da VIVO (<=90Mbps): 87.29Mbps
2020/09/28 02:13:58 PM [INFO] internet abaixo dos 40% fornecido no contrato da VIVO (<=90Mbps): 75.29Mbps
2020/09/28 02:15:09 PM [INFO] internet abaixo dos 40% fornecido no contrato da VIVO (<=90Mbps): 80.18Mbps
2020/09/28 02:16:19 PM [INFO] internet abaixo dos 40% fornecido no contrato da VIVO (<=90Mbps): 59.17Mbps
2020/09/28 02:17:29 PM [INFO] internet abaixo dos 40% fornecido no contrato da VIVO (<=90Mbps): 64.19Mbps
2020/09/28 02:18:39 PM [INFO] internet abaixo dos 40% fornecido no contrato da VIVO (<=90Mbps): 57.58Mbps
2020/09/28 02:19:49 PM [INFO] internet abaixo dos 40% fornecido no contrato da VIVO (<=90Mbps): 94.69Mbps
2020/09/28 02:20:59 PM [INFO] internet abaixo dos 40% fornecido no contrato da VIVO (<=90Mbps): 76.80Mbps
2020/09/28 02:22:09 PM [INFO] internet abaixo dos 40% fornecido no contrato da VIVO (<=90Mbps): 74.05Mbps
2020/09/28 02:23:19 PM [INFO] internet abaixo dos 40% fornecido no contrato da VIVO (<=90Mbps): 70.16Mbps
2020/09/28 02:24:29 PM [INFO] internet abaixo dos 40% fornecido no contrato da VIVO (<=90Mbps): 83.17Mbps
2020/09/28 02:25:39 PM [INFO] internet abaixo dos 40% fornecido no contrato da VIVO (<=90Mbps): 75.05Mbps
2020/09/28 02:26:49 PM [INFO] internet abaixo dos 40% fornecido no contrato da VIVO (<=90Mbps): 50.07Mbps
2020/09/28 02:27:59 PM [INFO] internet abaixo dos 40% fornecido no contrato da VIVO (<=90Mbps): 90.91Mbps
2020/09/28 02:29:09 PM [INFO] internet abaixo dos 40% fornecido no contrato da VIVO (<=90Mbps): 59.37Mbps
2020/09/28 02:30:19 PM [INFO] internet abaixo dos 40% fornecido no contrato da VIVO (<=90Mbps): 76.79Mbps
2020/09/28 02:31:29 PM [INFO] internet abaixo dos 40% fornecido no contrato da VIVO (<=90Mbps): 53.88Mbps
2020/09/28 02:32:39 PM [INFO] internet abaixo dos 40% fornecido no contrato da VIVO (<=90Mbps): 62.79Mbps
2020/09/28 02:33:49 PM [INFO] internet abaixo dos 40% fornecido no contrato da VIVO (<=90Mbps): 93.01Mbps
2020/09/28 02:34:59 PM [INFO] internet abaixo dos 40% fornecido no contrato da VIVO (<=90Mbps): 90.32Mbps
2020/09/28 02:36:09 PM [INFO] internet abaixo dos 40% fornecido no contrato da VIVO (<=90Mbps): 68.33Mbps
2020/09/28 02:37:19 PM [INFO] internet abaixo dos 40% fornecido no contrato da VIVO (<=90Mbps): 68.87Mbps
2020/09/28 02:38:29 PM [INFO] internet abaixo dos 40% fornecido no contrato da VIVO (<=90Mbps): 75.10Mbps
2020/09/28 02:39:39 PM [INFO] internet abaixo dos 40% fornecido no contrato da VIVO (<=90Mbps): 55.81Mbps
2020/09/28 02:40:49 PM [INFO] internet abaixo dos 40% fornecido no contrato da VIVO (<=90Mbps): 82.98Mbps
2020/09/28 02:41:59 PM [INFO] internet abaixo dos 40% fornecido no contrato da VIVO (<=90Mbps): 82.87Mbps
2020/09/28 02:43:09 PM [INFO] internet abaixo dos 40% fornecido no contrato da VIVO (<=90Mbps): 77.26Mbps
2020/09/28 02:44:19 PM [INFO] internet abaixo dos 40% fornecido no contrato da VIVO (<=90Mbps): 94.33Mbps
2020/09/28 02:45:29 PM [INFO] internet abaixo dos 40% fornecido no contrato da VIVO (<=90Mbps): 81.37Mbps
2020/09/28 02:46:39 PM [INFO] internet abaixo dos 40% fornecido no contrato da VIVO (<=90Mbps): 57.75Mbps
2020/09/28 02:47:49 PM [INFO] internet abaixo dos 40% fornecido no contrato da VIVO (<=90Mbps): 51.30Mbps
2020/09/28 02:48:59 PM [INFO] internet abaixo dos 40% fornecido no contrato da VIVO (<=90Mbps): 51.19Mbps
2020/09/28 02:50:09 PM [INFO] internet abaixo dos 40% fornecido no contrato da VIVO (<=90Mbps): 48.73Mbps
2020/09/28 02:51:19 PM [INFO] internet abaixo dos 40% fornecido no contrato da VIVO (<=90Mbps): 94.28Mbps
2020/09/28 02:52:29 PM [INFO] internet abaixo dos 40% fornecido no contrato da VIVO (<=90Mbps): 48.79Mbps
2020/09/28 02:53:39 PM [INFO] internet abaixo dos 40% fornecido no contrato da VIVO (<=90Mbps): 82.29Mbps
2020/09/28 02:54:50 PM [INFO] internet abaixo dos 40% fornecido no contrato da VIVO (<=90Mbps): 77.46Mbps
2020/09/28 02:56:00 PM [INFO] internet abaixo dos 40% fornecido no contrato da VIVO (<=90Mbps): 54.69Mbps
2020/09/28 02:57:10 PM [INFO] internet abaixo dos 40% fornecido no contrato da VIVO (<=90Mbps): 83.76Mbps
2020/09/28 02:58:20 PM [INFO] internet abaixo dos 40% fornecido no contrato da VIVO (<=90Mbps): 94.80Mbps
2020/09/28 02:59:30 PM [INFO] internet abaixo dos 40% fornecido no contrato da VIVO (<=90Mbps): 79.58Mbps
2020/09/28 03:00:40 PM [INFO] internet abaixo dos 40% fornecido no contrato da VIVO (<=90Mbps): 72.24Mbps
2020/09/28 03:01:50 PM [INFO] internet abaixo dos 40% fornecido no contrato da VIVO (<=90Mbps): 53.47Mbps
2020/09/28 03:03:00 PM [INFO] internet abaixo dos 40% fornecido no contrato da VIVO (<=90Mbps): 98.06Mbps
2020/09/28 03:04:10 PM [INFO] internet abaixo dos 40% fornecido no contrato da VIVO (<=90Mbps): 51.60Mbps
2020/09/28 03:05:20 PM [INFO] internet abaixo dos 40% fornecido no contrato da VIVO (<=90Mbps): 63.48Mbps
2020/09/28 03:06:30 PM [INFO] internet abaixo dos 40% fornecido no contrato da VIVO (<=90Mbps): 81.00Mbps
2020/09/28 03:07:40 PM [INFO] internet abaixo dos 40% fornecido no contrato da VIVO (<=90Mbps): 70.82Mbps
2020/09/28 03:08:50 PM [INFO] internet abaixo dos 40% fornecido no contrato da VIVO (<=90Mbps): 73.30Mbps
2020/09/28 03:10:00 PM [INFO] internet abaixo dos 40% fornecido no contrato da VIVO (<=90Mbps): 62.60Mbps
2020/09/28 03:11:10 PM [INFO] internet abaixo dos 40% fornecido no contrato da VIVO (<=90Mbps): 91.07Mbps
2020/09/28 03:12:20 PM [INFO] internet abaixo dos 40% fornecido no contrato da VIVO (<=90Mbps): 99.19Mbps
2020/09/28 03:13:30 PM [INFO] internet abaixo dos 40% fornecido no contrato da VIVO (<=90Mbps): 84.35Mbps
2020/09/28 03:14:40 PM [INFO] internet abaixo dos 40% fornecido no contrato da VIVO (<=90Mbps): 63.71Mbps
2020/09/28 03:15:50 PM [INFO] internet abaixo dos 40% fornecido no contrato da VIVO (<=90Mbps): 80.40Mbps
2020/09/28 03:17:00 PM [INFO] internet abaixo dos 40% fornecido no contrato da VIVO (<=90Mbps): 66.57Mbps
2020/09/28 03:18:10 PM [INFO] internet abaixo dos 40% fornecido no contrato da VIVO (<=90Mbps): 77.50Mbps
2020/09/28 03:19:20 PM [INFO] internet abaixo dos 40% fornecido no contrato da VIVO (<=90Mbps): 97.61Mbps
2020/09/28 03:20:30 PM [INFO] internet abaixo dos 40% fornecido no contrato da VIVO (<=90Mbps): 70.51Mbps
2020/09/28 03:21:40 PM [INFO] internet abaixo dos 40% fornecido no contrato da VIVO (<=90Mbps): 68.32Mbps
2020/09/28 03:22:50 PM [INFO] internet abaixo dos 40% fornecido no contrato da VIVO (<=90Mbps): 57.99Mbps
2020/09/28 03:24:00 PM [INFO] internet abaixo dos 40% fornecido no contrato da VIVO (<=90Mbps): 76.50Mbps
2020/09/28 03:25:10 PM [INFO] internet abaixo dos 40% fornecido no contrato da VIVO (<=90Mbps): 61.34Mbps
2020/09/28 03:26:20 PM [INFO] internet abaixo dos 40% fornecido no contrato da VIVO (<=90Mbps): 85.85Mbps
2020/09/28 03:27:30 PM [INFO] internet abaixo dos 40% fornecido no contrato da VIVO (<=90Mbps): 70.87Mbps
2020/09/28 03:28:40 PM [INFO] internet abaixo dos 40% fornecido no contrato da VIVO (<=90Mbps): 98.49Mbps
2020/09/28 03:29:50 PM [INFO] internet abaixo dos 40% fornecido no contrato da VIVO (<=90Mbps): 70.55Mbps
2020/09/28 03:31:00 PM [INFO] internet abaixo dos 40% fornecido no contrato da VIVO (<=90Mbps): 78.59Mbps
2020/09/28 03:32:10 PM [INFO] internet abaixo dos 40% fornecido no contrato da VIVO (<=90Mbps): 58.46Mbps
2020/09/28 03:33:21 PM [INFO] internet abaixo dos 40% fornecido no contrato da VIVO (<=90Mbps): 88.71Mbps
2020/09/28 03:34:31 PM [INFO] internet abaixo dos 40% fornecido no contrato da VIVO (<=90Mbps): 71.13Mbps
2020/09/28 03:35:41 PM [INFO] internet abaixo dos 40% fornecido no contrato da VIVO (<=90Mbps): 70.59Mbps
2020/09/28 03:36:51 PM [INFO] internet abaixo dos 40% fornecido no contrato da VIVO (<=90Mbps): 68.50Mbps
2020/09/28 03:38:01 PM [INFO] internet abaixo dos 40% fornecido no contrato da VIVO (<=90Mbps): 98.50Mbps
2020/09/28 03:39:11 PM [INFO] internet abaixo dos 40% fornecido no contrato da VIVO (<=90Mbps): 81.65Mbps
2020/09/28 03:40:21 PM [INFO] internet abaixo dos 40% fornecido no contrato da VIVO (<=90Mbps): 81.99Mbps
2020/09/28 03:41:31 PM [INFO] internet abaixo dos 40% fornecido no contrato da VIVO (<=90Mbps): 76.11Mbps
2020/09/28 03:42:41 PM [INFO] internet abaixo dos 40% fornecido no contrato da VIVO (<=90Mbps): 66.02Mbps
2020/09/28 03:43:51 PM [INFO] internet abaixo dos 40% fornecido no contrato da VIVO (<=90Mbps): 83.08Mbps
2020/09/28 03:45:01 PM [INFO] internet abaixo dos 40% fornecido no contrato da VIVO (<=90Mbps): 81.93Mbps
2020/09/28 03:46:11 PM [INFO] internet abaixo dos 40% fornecido no contrato da VIVO (<=90Mbps): 71.65Mbps
2020/09/28 03:47:21 PM [INFO] internet abaixo dos 40% fornecido no contrato da VIVO (<=90Mbps): 59.46Mbps
2020/09/28 03:48:31 PM [INFO] internet abaixo dos 40% fornecido no contrato da VIVO (<=90Mbps): 56.90Mbps
2020/09/28 03:49:41 PM [INFO] internet abaixo dos 40% fornecido no contrato da VIVO (<=90Mbps): 73.80Mbps
2020/09/28 03:50:51 PM [INFO] internet abaixo dos 40% fornecido no contrato da VIVO (<=90Mbps): 80.63Mbps
2020/09/28 03:52:01 PM [INFO] internet abaixo dos 40% fornecido no contrato da VIVO (<=90Mbps): 83.36Mbps
2020/09/28 03:53:11 PM [INFO] internet abaixo dos 40% fornecido no contrato da VIVO (<=90Mbps): 58.90Mbps
2020/09/28 03:54:21 PM [INFO] internet abaixo dos 40% fornecido no contrato da VIVO (<=90Mbps): 51.17Mbps
2020/09/28 03:55:31 PM [INFO] internet abaixo dos 40% fornecido no contrato da VIVO (<=90Mbps): 54.66Mbps
2020/09/28 03:56:41 PM [INFO] internet abaixo dos 40% fornecido no contrato da VIVO (<=90Mbps): 92.87Mbps
2020/09/28 03:57:51 PM [INFO] internet abaixo dos 40% fornecido no contrato da VIVO (<=90Mbps): 68.35Mbps
2020/09/28 03:59:01 PM [INFO] internet abaixo dos 40% fornecido no contrato da VIVO (<=90Mbps): 83.03Mbps
2020/09/28 04:00:11 PM [INFO] internet abaixo dos 40% fornecido no contrato da VIVO (<=90Mbps): 38.94Mbps
2020/09/28 04:01:21 PM [INFO] internet abaixo dos 40% fornecido no contrato da VIVO (<=90Mbps): 76.44Mbps
2020/09/28 04:02:31 PM [INFO] internet abaixo dos 40% fornecido no contrato da VIVO (<=90Mbps): 108.85Mbps
2020/09/28 04:03:41 PM [INFO] internet abaixo dos 40% fornecido no contrato da VIVO (<=90Mbps): 64.45Mbps
2020/09/28 04:04:51 PM [INFO] internet abaixo dos 40% fornecido no contrato da VIVO (<=90Mbps): 83.47Mbps
2020/09/28 04:06:01 PM [INFO] internet abaixo dos 40% fornecido no contrato da VIVO (<=90Mbps): 96.78Mbps
2020/09/28 04:07:11 PM [INFO] internet abaixo dos 40% fornecido no contrato da VIVO (<=90Mbps): 59.34Mbps
2020/09/28 04:08:21 PM [INFO] internet abaixo dos 40% fornecido no contrato da VIVO (<=90Mbps): 78.55Mbps
2020/09/28 04:09:31 PM [INFO] internet abaixo dos 40% fornecido no contrato da VIVO (<=90Mbps): 47.74Mbps
2020/09/28 04:10:41 PM [INFO] internet abaixo dos 40% fornecido no contrato da VIVO (<=90Mbps): 83.38Mbps
2020/09/28 04:11:51 PM [INFO] internet abaixo dos 40% fornecido no contrato da VIVO (<=90Mbps): 66.68Mbps
2020/09/28 04:13:01 PM [INFO] internet abaixo dos 40% fornecido no contrato da VIVO (<=90Mbps): 73.20Mbps
2020/09/28 04:14:11 PM [INFO] internet abaixo dos 40% fornecido no contrato da VIVO (<=90Mbps): 77.18Mbps
2020/09/28 04:15:21 PM [INFO] internet abaixo dos 40% fornecido no contrato da VIVO (<=90Mbps): 56.83Mbps
2020/09/28 04:16:32 PM [INFO] internet abaixo dos 40% fornecido no contrato da VIVO (<=90Mbps): 66.09Mbps
2020/09/28 04:17:42 PM [INFO] internet abaixo dos 40% fornecido no contrato da VIVO (<=90Mbps): 70.12Mbps
2020/09/28 04:18:52 PM [INFO] internet abaixo dos 40% fornecido no contrato da VIVO (<=90Mbps): 47.41Mbps
2020/09/28 04:20:02 PM [INFO] internet abaixo dos 40% fornecido no contrato da VIVO (<=90Mbps): 62.00Mbps
2020/09/28 04:21:12 PM [INFO] internet abaixo dos 40% fornecido no contrato da VIVO (<=90Mbps): 60.28Mbps
2020/09/28 04:22:22 PM [INFO] internet abaixo dos 40% fornecido no contrato da VIVO (<=90Mbps): 83.48Mbps
2020/09/28 04:23:32 PM [INFO] internet abaixo dos 40% fornecido no contrato da VIVO (<=90Mbps): 57.08Mbps
2020/09/28 04:24:42 PM [INFO] internet abaixo dos 40% fornecido no contrato da VIVO (<=90Mbps): 56.39Mbps
2020/09/28 04:25:52 PM [INFO] internet abaixo dos 40% fornecido no contrato da VIVO (<=90Mbps): 58.68Mbps
2020/09/28 04:27:02 PM [INFO] internet abaixo dos 40% fornecido no contrato da VIVO (<=90Mbps): 47.03Mbps
2020/09/28 04:28:12 PM [INFO] internet abaixo dos 40% fornecido no contrato da VIVO (<=90Mbps): 32.60Mbps
2020/09/28 04:29:22 PM [INFO] internet abaixo dos 40% fornecido no contrato da VIVO (<=90Mbps): 71.70Mbps
2020/09/28 04:30:32 PM [INFO] internet abaixo dos 40% fornecido no contrato da VIVO (<=90Mbps): 60.59Mbps
2020/09/28 04:31:42 PM [INFO] internet abaixo dos 40% fornecido no contrato da VIVO (<=90Mbps): 68.03Mbps
2020/09/28 04:32:52 PM [INFO] internet abaixo dos 40% fornecido no contrato da VIVO (<=90Mbps): 47.60Mbps
2020/09/28 04:34:02 PM [INFO] internet abaixo dos 40% fornecido no contrato da VIVO (<=90Mbps): 69.81Mbps
2020/09/28 04:35:12 PM [INFO] internet abaixo dos 40% fornecido no contrato da VIVO (<=90Mbps): 59.69Mbps
2020/09/28 04:36:22 PM [INFO] internet abaixo dos 40% fornecido no contrato da VIVO (<=90Mbps): 62.55Mbps
2020/09/28 04:37:32 PM [INFO] internet abaixo dos 40% fornecido no contrato da VIVO (<=90Mbps): 70.97Mbps
2020/09/28 04:38:42 PM [INFO] internet abaixo dos 40% fornecido no contrato da VIVO (<=90Mbps): 69.92Mbps
2020/09/28 04:39:52 PM [INFO] internet abaixo dos 40% fornecido no contrato da VIVO (<=90Mbps): 75.04Mbps
2020/09/28 04:41:02 PM [INFO] internet abaixo dos 40% fornecido no contrato da VIVO (<=90Mbps): 46.88Mbps
2020/09/28 04:42:12 PM [INFO] internet abaixo dos 40% fornecido no contrato da VIVO (<=90Mbps): 47.62Mbps
2020/09/28 04:43:22 PM [INFO] internet abaixo dos 40% fornecido no contrato da VIVO (<=90Mbps): 97.17Mbps
2020/09/28 04:44:32 PM [INFO] internet abaixo dos 40% fornecido no contrato da VIVO (<=90Mbps): 94.88Mbps
2020/09/28 04:45:42 PM [INFO] internet abaixo dos 40% fornecido no contrato da VIVO (<=90Mbps): 82.17Mbps
2020/09/28 04:46:52 PM [INFO] internet abaixo dos 40% fornecido no contrato da VIVO (<=90Mbps): 65.89Mbps
2020/09/28 04:48:02 PM [INFO] internet abaixo dos 40% fornecido no contrato da VIVO (<=90Mbps): 63.79Mbps
2020/09/28 04:49:12 PM [INFO] internet abaixo dos 40% fornecido no contrato da VIVO (<=90Mbps): 55.32Mbps
2020/09/28 04:50:22 PM [INFO] internet abaixo dos 40% fornecido no contrato da VIVO (<=90Mbps): 57.12Mbps
2020/09/28 04:51:33 PM [INFO] internet abaixo dos 40% fornecido no contrato da VIVO (<=90Mbps): 63.92Mbps
2020/09/28 04:52:43 PM [INFO] internet abaixo dos 40% fornecido no contrato da VIVO (<=90Mbps): 57.55Mbps
2020/09/28 04:53:53 PM [INFO] internet abaixo dos 40% fornecido no contrato da VIVO (<=90Mbps): 72.19Mbps
2020/09/28 04:55:03 PM [INFO] internet abaixo dos 40% fornecido no contrato da VIVO (<=90Mbps): 64.88Mbps
2020/09/28 04:56:13 PM [INFO] internet abaixo dos 40% fornecido no contrato da VIVO (<=90Mbps): 66.39Mbps
2020/09/28 04:57:23 PM [INFO] internet abaixo dos 40% fornecido no contrato da VIVO (<=90Mbps): 65.38Mbps
2020/09/28 04:58:33 PM [INFO] internet abaixo dos 40% fornecido no contrato da VIVO (<=90Mbps): 75.38Mbps
2020/09/28 04:59:43 PM [INFO] internet abaixo dos 40% fornecido no contrato da VIVO (<=90Mbps): 47.10Mbps
2020/09/28 05:00:53 PM [INFO] internet abaixo dos 40% fornecido no contrato da VIVO (<=90Mbps): 49.40Mbps
2020/09/28 05:02:03 PM [INFO] internet abaixo dos 40% fornecido no contrato da VIVO (<=90Mbps): 43.02Mbps
2020/09/28 05:03:13 PM [INFO] internet abaixo dos 40% fornecido no contrato da VIVO (<=90Mbps): 50.42Mbps
2020/09/28 05:04:23 PM [INFO] internet abaixo dos 40% fornecido no contrato da VIVO (<=90Mbps): 59.03Mbps
2020/09/28 05:05:33 PM [INFO] internet abaixo dos 40% fornecido no contrato da VIVO (<=90Mbps): 64.43Mbps
2020/09/28 05:06:43 PM [INFO] internet abaixo dos 40% fornecido no contrato da VIVO (<=90Mbps): 60.61Mbps
2020/09/28 05:07:53 PM [INFO] internet abaixo dos 40% fornecido no contrato da VIVO (<=90Mbps): 76.49Mbps
2020/09/28 05:09:03 PM [INFO] internet abaixo dos 40% fornecido no contrato da VIVO (<=90Mbps): 53.45Mbps
2020/09/28 05:10:13 PM [INFO] internet abaixo dos 40% fornecido no contrato da VIVO (<=90Mbps): 53.08Mbps
2020/09/28 05:11:23 PM [INFO] internet abaixo dos 40% fornecido no contrato da VIVO (<=90Mbps): 56.50Mbps
2020/09/28 05:12:33 PM [INFO] internet abaixo dos 40% fornecido no contrato da VIVO (<=90Mbps): 68.21Mbps
2020/09/29 09:32:55 AM [INFO] internet acima dos 40% fornecido no contrato da VIVO (>90Mbps): 199.76Mbps
2020/09/29 09:34:05 AM [INFO] internet acima dos 40% fornecido no contrato da VIVO (>90Mbps): 202.88Mbps
2020/09/29 09:35:15 AM [INFO] internet acima dos 40% fornecido no contrato da VIVO (>90Mbps): 185.04Mbps
2020/09/29 09:36:25 AM [INFO] internet acima dos 40% fornecido no contrato da VIVO (>90Mbps): 197.53Mbps
2020/09/29 09:36:42 AM [INFO] internet acima dos 40% fornecido no contrato da VIVO (>90Mbps): 191.29Mbps
2020/09/29 09:37:52 AM [INFO] internet acima dos 40% fornecido no contrato da VIVO (>90Mbps): 206.13Mbps
2020/09/29 09:39:02 AM [INFO] internet acima dos 40% fornecido no contrato da VIVO (>90Mbps): 180.85Mbps
2020/09/29 09:40:12 AM [INFO] internet acima dos 40% fornecido no contrato da VIVO (>90Mbps): 191.28Mbps
2020/09/29 09:41:22 AM [INFO] internet acima dos 40% fornecido no contrato da VIVO (>90Mbps): 206.09Mbps
2020/09/29 09:42:32 AM [INFO] internet acima dos 40% fornecido no contrato da VIVO (>90Mbps): 199.17Mbps
2020/09/29 09:43:42 AM [INFO] internet acima dos 40% fornecido no contrato da VIVO (>90Mbps): 204.80Mbps
2020/09/29 09:44:52 AM [INFO] internet acima dos 40% fornecido no contrato da VIVO (>90Mbps): 200.06Mbps
2020/09/29 09:46:02 AM [INFO] internet acima dos 40% fornecido no contrato da VIVO (>90Mbps): 198.01Mbps
2020/09/29 09:47:12 AM [INFO] internet acima dos 40% fornecido no contrato da VIVO (>90Mbps): 190.67Mbps
2020/09/29 09:48:22 AM [INFO] internet acima dos 40% fornecido no contrato da VIVO (>90Mbps): 182.05Mbps
2020/09/29 09:49:32 AM [INFO] internet acima dos 40% fornecido no contrato da VIVO (>90Mbps): 200.23Mbps
2020/09/29 09:50:42 AM [INFO] internet acima dos 40% fornecido no contrato da VIVO (>90Mbps): 194.62Mbps
2020/09/29 09:51:52 AM [INFO] internet acima dos 40% fornecido no contrato da VIVO (>90Mbps): 209.70Mbps
2020/09/29 09:53:02 AM [INFO] internet acima dos 40% fornecido no contrato da VIVO (>90Mbps): 200.22Mbps
2020/09/29 09:54:12 AM [INFO] internet acima dos 40% fornecido no contrato da VIVO (>90Mbps): 208.82Mbps
2020/09/29 09:55:22 AM [INFO] internet acima dos 40% fornecido no contrato da VIVO (>90Mbps): 196.85Mbps
2020/09/29 09:56:32 AM [INFO] internet acima dos 40% fornecido no contrato da VIVO (>90Mbps): 195.57Mbps
2020/09/29 09:57:42 AM [INFO] internet acima dos 40% fornecido no contrato da VIVO (>90Mbps): 192.48Mbps
2020/09/29 09:58:53 AM [INFO] internet acima dos 40% fornecido no contrato da VIVO (>90Mbps): 194.43Mbps
2020/09/29 10:00:03 AM [INFO] internet acima dos 40% fornecido no contrato da VIVO (>90Mbps): 199.66Mbps
2020/09/29 10:01:13 AM [INFO] internet acima dos 40% fornecido no contrato da VIVO (>90Mbps): 204.38Mbps
2020/09/29 10:02:23 AM [INFO] internet acima dos 40% fornecido no contrato da VIVO (>90Mbps): 197.66Mbps
2020/09/29 10:03:33 AM [INFO] internet acima dos 40% fornecido no contrato da VIVO (>90Mbps): 204.77Mbps
2020/09/29 10:04:43 AM [INFO] internet acima dos 40% fornecido no contrato da VIVO (>90Mbps): 189.30Mbps
2020/09/29 10:05:53 AM [INFO] internet acima dos 40% fornecido no contrato da VIVO (>90Mbps): 202.09Mbps
2020/09/29 10:07:03 AM [INFO] internet acima dos 40% fornecido no contrato da VIVO (>90Mbps): 201.59Mbps
2020/09/29 10:07:38 AM [INFO] internet acima dos 40% fornecido no contrato da VIVO (>90Mbps): 199.84Mbps
2020/09/29 10:08:48 AM [INFO] internet acima dos 40% fornecido no contrato da VIVO (>90Mbps): 193.34Mbps
2020/09/29 10:09:58 AM [INFO] internet acima dos 40% fornecido no contrato da VIVO (>90Mbps): 191.77Mbps
2020/09/29 10:11:08 AM [INFO] internet acima dos 40% fornecido no contrato da VIVO (>90Mbps): 194.25Mbps
2020/09/29 10:12:18 AM [INFO] internet acima dos 40% fornecido no contrato da VIVO (>90Mbps): 199.75Mbps
2020/09/29 10:13:28 AM [INFO] internet acima dos 40% fornecido no contrato da VIVO (>90Mbps): 198.18Mbps
2020/09/29 10:13:52 AM [INFO] internet acima dos 40% fornecido no contrato da VIVO (>90Mbps): 191.76Mbps
2020/09/29 10:15:02 AM [INFO] internet acima dos 40% fornecido no contrato da VIVO (>90Mbps): 198.38Mbps
2020/09/29 10:16:12 AM [INFO] internet acima dos 40% fornecido no contrato da VIVO (>90Mbps): 196.47Mbps
2020/09/29 10:17:22 AM [INFO] internet acima dos 40% fornecido no contrato da VIVO (>90Mbps): 195.32Mbps
2020/09/29 10:18:32 AM [INFO] internet acima dos 40% fornecido no contrato da VIVO (>90Mbps): 193.87Mbps
2020/09/29 10:19:42 AM [INFO] internet acima dos 40% fornecido no contrato da VIVO (>90Mbps): 195.56Mbps
2020/09/29 10:20:52 AM [INFO] internet acima dos 40% fornecido no contrato da VIVO (>90Mbps): 196.97Mbps
2020/09/29 10:22:02 AM [INFO] internet acima dos 40% fornecido no contrato da VIVO (>90Mbps): 194.17Mbps
2020/09/29 10:23:12 AM [INFO] internet acima dos 40% fornecido no contrato da VIVO (>90Mbps): 191.10Mbps
2020/09/29 10:24:22 AM [INFO] internet acima dos 40% fornecido no contrato da VIVO (>90Mbps): 192.93Mbps
2020/09/29 10:25:32 AM [INFO] internet acima dos 40% fornecido no contrato da VIVO (>90Mbps): 196.71Mbps
2020/09/29 10:26:42 AM [INFO] internet acima dos 40% fornecido no contrato da VIVO (>90Mbps): 190.20Mbps
2020/09/29 10:27:52 AM [INFO] internet acima dos 40% fornecido no contrato da VIVO (>90Mbps): 192.87Mbps
2020/09/29 10:29:02 AM [INFO] internet acima dos 40% fornecido no contrato da VIVO (>90Mbps): 187.93Mbps
2020/09/29 10:30:12 AM [INFO] internet acima dos 40% fornecido no contrato da VIVO (>90Mbps): 181.72Mbps
2020/09/29 10:31:22 AM [INFO] internet acima dos 40% fornecido no contrato da VIVO (>90Mbps): 192.36Mbps
2020/09/29 10:32:32 AM [INFO] internet acima dos 40% fornecido no contrato da VIVO (>90Mbps): 201.76Mbps
2020/09/29 10:33:42 AM [INFO] internet acima dos 40% fornecido no contrato da VIVO (>90Mbps): 195.99Mbps
2020/09/29 10:34:52 AM [INFO] internet acima dos 40% fornecido no contrato da VIVO (>90Mbps): 204.10Mbps
2020/09/29 10:36:02 AM [INFO] internet acima dos 40% fornecido no contrato da VIVO (>90Mbps): 192.10Mbps
